#
# A fatal error has been detected by the Java Runtime Environment:
#
#  EXCEPTION_ACCESS_VIOLATION (0xc0000005) at pc=0x00007ffa178e2009, pid=4388, tid=17712
#
# JRE version: OpenJDK Runtime Environment Temurin-17.0.4.1+1 (17.0.4.1+1) (build 17.0.4.1+1)
# Java VM: OpenJDK 64-Bit Server VM Temurin-17.0.4.1+1 (17.0.4.1+1, mixed mode, tiered, compressed oops, compressed class ptrs, g1 gc, windows-amd64)
# Problematic frame:
# V  [jvm.dll+0x362009]
#
# No core dump will be written. Minidumps are not enabled by default on client versions of Windows
#
# If you would like to submit a bug report, please visit:
#   https://github.com/adoptium/adoptium-support/issues
#

---------------  S U M M A R Y ------------

Command Line: -javaagent:C:\\Users\\vevamsi\\.m2\\repository\\org\\jacoco\\org.jacoco.agent\\0.8.5\\org.jacoco.agent-0.8.5-runtime.jar=destfile=C:\\Users\\vevamsi\\Downloads\\Nursery-Backend\\Nursery-Backend\\target\\jacoco.exec C:\Users\vevamsi\AppData\Local\Temp\surefire9618488684448947871\surefirebooter322147280158645479.jar C:\Users\vevamsi\AppData\Local\Temp\surefire9618488684448947871 2022-11-25T11-34-25_980-jvmRun1 surefire10000659543704113778tmp surefire_03404098901154429939tmp

Host: AMD Ryzen 5 PRO 3500U w/ Radeon Vega Mobile Gfx, 8 cores, 5G,  Windows 11 , 64 bit Build 22000 (10.0.22000.1219)
Time: Fri Nov 25 11:34:45 2022 India Standard Time elapsed time: 18.269706 seconds (0d 0h 0m 18s)

---------------  T H R E A D  ---------------

Current thread (0x000001e50f23ed40):  JavaThread "C2 CompilerThread1" daemon [_thread_in_native, id=17712, stack(0x0000004d6c300000,0x0000004d6c400000)]


Current CompileTask:
C2:  18270 8732       4       org.springframework.core.annotation.AnnotationsScanner::process (75 bytes)

Stack: [0x0000004d6c300000,0x0000004d6c400000],  sp=0x0000004d6c3fbc20,  free space=1007k
Native frames: (J=compiled Java code, j=interpreted, Vv=VM code, C=native code)
V  [jvm.dll+0x362009]
V  [jvm.dll+0x1fb26b]
V  [jvm.dll+0x1fafa0]
V  [jvm.dll+0x1fb0d6]
V  [jvm.dll+0x1bbb18]
V  [jvm.dll+0x2187d9]
V  [jvm.dll+0x217aa1]
V  [jvm.dll+0x1a3f8d]
V  [jvm.dll+0x227498]
V  [jvm.dll+0x2255e5]
V  [jvm.dll+0x7e7e9b]
V  [jvm.dll+0x7e240a]
V  [jvm.dll+0x6761a5]
C  [ucrtbase.dll+0x26c0c]
C  [KERNEL32.DLL+0x15550]
C  [ntdll.dll+0x485b]


siginfo: EXCEPTION_ACCESS_VIOLATION (0xc0000005), reading address 0x00007efa180e9d30


Register to memory mapping:

RIP=0x00007ffa178e2009 jvm.dll
RAX=0x00000000000002f6 is an unknown value
RBX=0x00000000000002f6 is an unknown value
RCX=0x0000000000000003 is an unknown value
RDX=0x0000000000000002 is an unknown value
RSP=0x0000004d6c3fbc20 is pointing into the stack for thread: 0x000001e50f23ed40
RBP=0x0000004d6c3fbe10 is pointing into the stack for thread: 0x000001e50f23ed40
RSI=0x00000000000001d1 is an unknown value
RDI=0x000001e50fdcde50 points into unknown readable memory: 0x0000000200000016 | 16 00 00 00 02 00 00 00
R8 =0x0040000000000000 is an unknown value
R9 =0x00007efa180e9d18 is an unknown value
R10=0x0000000000000003 is an unknown value
R11=0x000001e511a494e0 points into unknown readable memory: 0x0000000800000b00 | 00 0b 00 00 08 00 00 00
R12=0x00007ffa180e9d18 jvm.dll
R13=0x000001e510a28f58 points into unknown readable memory: 0x00007ffa17e4e1b0 | b0 e1 e4 17 fa 7f 00 00
R14=0x0000004d6c3fbe50 is pointing into the stack for thread: 0x000001e50f23ed40
R15=0x0000000000000011 is an unknown value


Registers:
RAX=0x00000000000002f6, RBX=0x00000000000002f6, RCX=0x0000000000000003, RDX=0x0000000000000002
RSP=0x0000004d6c3fbc20, RBP=0x0000004d6c3fbe10, RSI=0x00000000000001d1, RDI=0x000001e50fdcde50
R8 =0x0040000000000000, R9 =0x00007efa180e9d18, R10=0x0000000000000003, R11=0x000001e511a494e0
R12=0x00007ffa180e9d18, R13=0x000001e510a28f58, R14=0x0000004d6c3fbe50, R15=0x0000000000000011
RIP=0x00007ffa178e2009, EFLAGS=0x0000000000010206

Top of Stack: (sp=0x0000004d6c3fbc20)
0x0000004d6c3fbc20:   00000000000001d1 000001e50fdcde50
0x0000004d6c3fbc30:   0000004d6c3feb00 000001e511a517b0
0x0000004d6c3fbc40:   0000000000000000 00000004000002f6
0x0000004d6c3fbc50:   0000000300000003 000001e57fa26a40
0x0000004d6c3fbc60:   000001e50fdcdfa0 000001e50fdcdf90
0x0000004d6c3fbc70:   0000004d6c3fbe50 000001e51360aee0
0x0000004d6c3fbc80:   00000000000001d1 00007ffa1777b26b
0x0000004d6c3fbc90:   000001e51360ad80 00000000000001d3
0x0000004d6c3fbca0:   000001e510a28ff0 00000000000001d3
0x0000004d6c3fbcb0:   000001e57f83fbf0 0000000000000008
0x0000004d6c3fbcc0:   0000004d6c3fbe50 000000000000000b
0x0000004d6c3fbcd0:   000001e5100093f0 00007ffa1777afa0
0x0000004d6c3fbce0:   000001e5000001d1 0000000000000040
0x0000004d6c3fbcf0:   00000000000003d8 000001e510a28f58
0x0000004d6c3fbd00:   000001e57f83fc00 000001e5753873d0
0x0000004d6c3fbd10:   00000000000000d7 00007ffa1777b0d6 

Instructions: (pc=0x00007ffa178e2009)
0x00007ffa178e1f09:   41 56 48 83 ec 50 41 8b c0 48 8b e9 8b f2 4c 8d
0x00007ffa178e1f19:   14 80 49 c1 e2 05 48 8d 3c b6 4c 03 51 10 48 c1
0x00007ffa178e1f29:   e7 05 48 03 79 10 41 83 3a 00 0f 84 79 01 00 00
0x00007ffa178e1f39:   33 d2 4d 89 63 10 49 89 53 b8 4c 8d 25 ce 7d 80
0x00007ffa178e1f49:   00 89 54 24 28 44 8b c2 49 c7 43 c4 04 00 00 00
0x00007ffa178e1f59:   41 8b 42 04 89 44 24 34 4d 89 7b 18 44 8b fe 49
0x00007ffa178e1f69:   89 53 d0 41 83 e7 3f 49 8b 42 08 49 89 43 d8 4d
0x00007ffa178e1f79:   89 53 e0 49 89 5b 08 48 85 d2 74 1b 48 0f bc c2
0x00007ffa178e1f89:   8b c8 48 d3 ea 48 ff ca 44 03 c0 48 89 54 24 20
0x00007ffa178e1f99:   44 89 44 24 28 eb 22 83 7c 24 2c 04 72 0e 8b 44
0x00007ffa178e1fa9:   24 34 39 44 24 30 0f 83 eb 00 00 00 48 8d 4c 24
0x00007ffa178e1fb9:   20 e8 d1 69 00 00 44 8b c0 45 85 c0 0f 84 d5 00
0x00007ffa178e1fc9:   00 00 48 8b 4f 08 41 8b d0 48 c1 ea 08 41 8b d8
0x00007ffa178e1fd9:   4c 8b 0c d1 4d 3b cc 75 0e 41 8b d0 48 8b cf e8
0x00007ffa178e1fe9:   63 6b 00 00 4c 8b c8 0f b6 cb 41 b8 01 00 00 00
0x00007ffa178e1ff9:   80 e1 3f 49 d3 e0 48 8b cb 48 c1 e9 06 83 e1 03
0x00007ffa178e2009:   49 8b 14 c9 48 8b c2 49 0b c0 49 89 04 c9 49 85
0x00007ffa178e2019:   d0 75 64 ff 07 48 8d 1c 9b 48 c1 e3 05 48 03 5d
0x00007ffa178e2029:   10 85 f6 74 52 48 8b 43 08 48 8b ce 48 c1 e9 08
0x00007ffa178e2039:   4c 8b 0c c8 4d 3b cc 75 0d 8b d6 48 8b cb e8 04
0x00007ffa178e2049:   6b 00 00 4c 8b c8 49 8b cf 41 b8 01 00 00 00 49
0x00007ffa178e2059:   d3 e0 48 8b ce 48 c1 e9 06 83 e1 03 49 8b 14 c9
0x00007ffa178e2069:   48 8b c2 49 0b c0 49 89 04 c9 49 85 d0 74 17 0f
0x00007ffa178e2079:   1f 84 00 00 00 00 00 44 8b 44 24 28 48 8b 54 24
0x00007ffa178e2089:   20 e9 f1 fe ff ff ff 03 44 8b 44 24 28 48 8b 54
0x00007ffa178e2099:   24 20 e9 e0 fe ff ff 48 8b 5c 24 70 4c 8b 64 24
0x00007ffa178e20a9:   78 4c 8b bc 24 80 00 00 00 48 8b ac 24 88 00 00
0x00007ffa178e20b9:   00 48 83 c4 50 41 5e 5f 5e c3 cc cc cc cc cc cc
0x00007ffa178e20c9:   cc cc cc cc cc cc cc 48 89 4c 24 08 55 53 41 55
0x00007ffa178e20d9:   48 8d ac 24 00 ff ff ff 48 81 ec 00 02 00 00 48
0x00007ffa178e20e9:   8b d9 4c 8d 05 96 06 82 00 48 8d 4d 70 48 8d 15
0x00007ffa178e20f9:   3b e6 5f 00 e8 3e 5e eb ff 48 8b 43 48 45 33 ed 


Stack slot to memory mapping:
stack at sp + 0 slots: 0x00000000000001d1 is an unknown value
stack at sp + 1 slots: 0x000001e50fdcde50 points into unknown readable memory: 0x0000000200000016 | 16 00 00 00 02 00 00 00
stack at sp + 2 slots: 0x0000004d6c3feb00 is pointing into the stack for thread: 0x000001e50f23ed40
stack at sp + 3 slots: 0x000001e511a517b0 points into unknown readable memory: 0x0000000400000005 | 05 00 00 00 04 00 00 00
stack at sp + 4 slots: 0x0 is NULL
stack at sp + 5 slots: 0x00000004000002f6 is an unknown value
stack at sp + 6 slots: 0x0000000300000003 is an unknown value
stack at sp + 7 slots: 0x000001e57fa26a40 points into unknown readable memory: 0x0000000000000000 | 00 00 00 00 00 00 00 00


---------------  P R O C E S S  ---------------

Threads class SMR info:
_java_thread_list=0x000001e5131a55c0, length=16, elements={
0x000001e5752c3da0, 0x000001e57f813260, 0x000001e57ef081c0, 0x000001e57ef4ae60,
0x000001e57ef4b420, 0x000001e57ef4bdb0, 0x000001e57f842d60, 0x000001e57f843a20,
0x000001e57f84c400, 0x000001e57f874d80, 0x000001e57f917020, 0x000001e50f23f290,
0x000001e50f36bae0, 0x000001e50f23ed40, 0x000001e5159b1d40, 0x000001e5159b4d60
}

Java Threads: ( => current thread )
  0x000001e5752c3da0 JavaThread "main" [_thread_blocked, id=12824, stack(0x0000004d6b000000,0x0000004d6b100000)]
  0x000001e57f813260 JavaThread "Reference Handler" daemon [_thread_blocked, id=5176, stack(0x0000004d6b700000,0x0000004d6b800000)]
  0x000001e57ef081c0 JavaThread "Finalizer" daemon [_thread_blocked, id=17548, stack(0x0000004d6b800000,0x0000004d6b900000)]
  0x000001e57ef4ae60 JavaThread "Signal Dispatcher" daemon [_thread_blocked, id=14976, stack(0x0000004d6b900000,0x0000004d6ba00000)]
  0x000001e57ef4b420 JavaThread "Attach Listener" daemon [_thread_blocked, id=9072, stack(0x0000004d6ba00000,0x0000004d6bb00000)]
  0x000001e57ef4bdb0 JavaThread "Service Thread" daemon [_thread_blocked, id=2440, stack(0x0000004d6bb00000,0x0000004d6bc00000)]
  0x000001e57f842d60 JavaThread "Monitor Deflation Thread" daemon [_thread_blocked, id=16756, stack(0x0000004d6bc00000,0x0000004d6bd00000)]
  0x000001e57f843a20 JavaThread "C2 CompilerThread0" daemon [_thread_in_native, id=16984, stack(0x0000004d6bd00000,0x0000004d6be00000)]
  0x000001e57f84c400 JavaThread "C1 CompilerThread0" daemon [_thread_blocked, id=17984, stack(0x0000004d6be00000,0x0000004d6bf00000)]
  0x000001e57f874d80 JavaThread "Sweeper thread" daemon [_thread_blocked, id=17944, stack(0x0000004d6bf00000,0x0000004d6c000000)]
  0x000001e57f917020 JavaThread "Common-Cleaner" daemon [_thread_blocked, id=12920, stack(0x0000004d6c000000,0x0000004d6c100000)]
  0x000001e50f23f290 JavaThread "Notification Thread" daemon [_thread_blocked, id=17340, stack(0x0000004d6c100000,0x0000004d6c200000)]
  0x000001e50f36bae0 JavaThread "surefire-forkedjvm-command-thread" daemon [_thread_in_native, id=3676, stack(0x0000004d6c400000,0x0000004d6c500000)]
=>0x000001e50f23ed40 JavaThread "C2 CompilerThread1" daemon [_thread_in_native, id=17712, stack(0x0000004d6c300000,0x0000004d6c400000)]
  0x000001e5159b1d40 JavaThread "surefire-forkedjvm-last-ditch-daemon-shutdown-thread-30s" daemon [_thread_blocked, id=6512, stack(0x0000004d6d100000,0x0000004d6d200000)]
  0x000001e5159b4d60 JavaThread "Thread-0" [_thread_in_native, id=7748, stack(0x0000004d6c500000,0x0000004d6c600000)]

Other Threads:
  0x000001e57ef3d6f0 VMThread "VM Thread" [stack: 0x0000004d6b600000,0x0000004d6b700000] [id=18172]
  0x000001e5752c4c10 WatcherThread [stack: 0x0000004d6c200000,0x0000004d6c300000] [id=9744]
  0x000001e57530e0c0 GCTaskThread "GC Thread#0" [stack: 0x0000004d6b100000,0x0000004d6b200000] [id=13420]
  0x000001e5101204f0 GCTaskThread "GC Thread#1" [stack: 0x0000004d6c600000,0x0000004d6c700000] [id=18272]
  0x000001e510266ed0 GCTaskThread "GC Thread#2" [stack: 0x0000004d6c700000,0x0000004d6c800000] [id=3336]
  0x000001e50fce8870 GCTaskThread "GC Thread#3" [stack: 0x0000004d6c800000,0x0000004d6c900000] [id=5500]
  0x000001e50fce8b20 GCTaskThread "GC Thread#4" [stack: 0x0000004d6c900000,0x0000004d6ca00000] [id=4000]
  0x000001e50fdee3a0 GCTaskThread "GC Thread#5" [stack: 0x0000004d6ca00000,0x0000004d6cb00000] [id=15148]
  0x000001e5108fc910 GCTaskThread "GC Thread#6" [stack: 0x0000004d6cc00000,0x0000004d6cd00000] [id=6264]
  0x000001e50f5aeed0 GCTaskThread "GC Thread#7" [stack: 0x0000004d6cd00000,0x0000004d6ce00000] [id=9268]
  0x000001e57531ac40 ConcurrentGCThread "G1 Main Marker" [stack: 0x0000004d6b200000,0x0000004d6b300000] [id=7564]
  0x000001e57531d330 ConcurrentGCThread "G1 Conc#0" [stack: 0x0000004d6b300000,0x0000004d6b400000] [id=11400]
  0x000001e50f5ae6c0 ConcurrentGCThread "G1 Conc#1" [stack: 0x0000004d6ce00000,0x0000004d6cf00000] [id=5128]
  0x000001e575388c90 ConcurrentGCThread "G1 Refine#0" [stack: 0x0000004d6b400000,0x0000004d6b500000] [id=8260]
  0x000001e575389160 ConcurrentGCThread "G1 Service" [stack: 0x0000004d6b500000,0x0000004d6b600000] [id=12988]

Threads with active compile tasks:
C2 CompilerThread1    18454 8732       4       org.springframework.core.annotation.AnnotationsScanner::process (75 bytes)

VM state: not at safepoint (normal execution)

VM Mutex/Monitor currently owned by a thread: None

Heap address: 0x00000000a1e00000, size: 1506 MB, Compressed Oops mode: 32-bit

CDS archive(s) not mapped
Compressed class space mapped at: 0x0000000100000000-0x0000000140000000, reserved size: 1073741824
Narrow klass base: 0x0000000000000000, Narrow klass shift: 3, Narrow klass range: 0x140000000

GC Precious Log:
 CPUs: 8 total, 8 available
 Memory: 6022M
 Large Page Support: Disabled
 NUMA Support: Disabled
 Compressed Oops: Enabled (32-bit)
 Heap Region Size: 1M
 Heap Min Capacity: 8M
 Heap Initial Capacity: 96M
 Heap Max Capacity: 1506M
 Pre-touch: Disabled
 Parallel Workers: 8
 Concurrent Workers: 2
 Concurrent Refinement Workers: 8
 Periodic GC: Disabled

Heap:
 garbage-first heap   total 107520K, used 37036K [0x00000000a1e00000, 0x0000000100000000)
  region size 1024K, 7 young (7168K), 4 survivors (4096K)
 Metaspace       used 79683K, committed 80128K, reserved 1122304K
  class space    used 9416K, committed 9600K, reserved 1048576K

Heap Regions: E=young(eden), S=young(survivor), O=old, HS=humongous(starts), HC=humongous(continues), CS=collection set, F=free, OA=open archive, CA=closed archive, TAMS=top-at-mark-start (previous, next)
|   0|0x00000000a1e00000, 0x00000000a1f00000, 0x00000000a1f00000|100%|HS|  |TAMS 0x00000000a1f00000, 0x00000000a1e00000| Complete 
|   1|0x00000000a1f00000, 0x00000000a2000000, 0x00000000a2000000|100%| O|  |TAMS 0x00000000a2000000, 0x00000000a1f00000| Untracked 
|   2|0x00000000a2000000, 0x00000000a2100000, 0x00000000a2100000|100%| O|  |TAMS 0x00000000a2100000, 0x00000000a2000000| Untracked 
|   3|0x00000000a2100000, 0x00000000a2200000, 0x00000000a2200000|100%| O|  |TAMS 0x00000000a2200000, 0x00000000a2100000| Untracked 
|   4|0x00000000a2200000, 0x00000000a2300000, 0x00000000a2300000|100%| O|  |TAMS 0x00000000a2300000, 0x00000000a2200000| Untracked 
|   5|0x00000000a2300000, 0x00000000a2400000, 0x00000000a2400000|100%| O|  |TAMS 0x00000000a2400000, 0x00000000a2300000| Untracked 
|   6|0x00000000a2400000, 0x00000000a2500000, 0x00000000a2500000|100%| O|  |TAMS 0x00000000a2500000, 0x00000000a2400000| Untracked 
|   7|0x00000000a2500000, 0x00000000a250fa00, 0x00000000a2600000|  6%| O|  |TAMS 0x00000000a250fa00, 0x00000000a2500000| Untracked 
|   8|0x00000000a2600000, 0x00000000a2700000, 0x00000000a2700000|100%| O|  |TAMS 0x00000000a2700000, 0x00000000a2600000| Untracked 
|   9|0x00000000a2700000, 0x00000000a2800000, 0x00000000a2800000|100%| O|  |TAMS 0x00000000a2800000, 0x00000000a2700000| Untracked 
|  10|0x00000000a2800000, 0x00000000a2900000, 0x00000000a2900000|100%| O|  |TAMS 0x00000000a2900000, 0x00000000a2800000| Untracked 
|  11|0x00000000a2900000, 0x00000000a29ace00, 0x00000000a2a00000| 67%| O|  |TAMS 0x00000000a29ace00, 0x00000000a2900000| Untracked 
|  12|0x00000000a2a00000, 0x00000000a2b00000, 0x00000000a2b00000|100%| O|  |TAMS 0x00000000a2b00000, 0x00000000a2a00000| Untracked 
|  13|0x00000000a2b00000, 0x00000000a2c00000, 0x00000000a2c00000|100%| O|  |TAMS 0x00000000a2c00000, 0x00000000a2b00000| Untracked 
|  14|0x00000000a2c00000, 0x00000000a2d00000, 0x00000000a2d00000|100%| O|  |TAMS 0x00000000a2d00000, 0x00000000a2c00000| Untracked 
|  15|0x00000000a2d00000, 0x00000000a2e00000, 0x00000000a2e00000|100%| O|  |TAMS 0x00000000a2e00000, 0x00000000a2d00000| Untracked 
|  16|0x00000000a2e00000, 0x00000000a2f00000, 0x00000000a2f00000|100%| O|  |TAMS 0x00000000a2f00000, 0x00000000a2e00000| Untracked 
|  17|0x00000000a2f00000, 0x00000000a3000000, 0x00000000a3000000|100%| O|  |TAMS 0x00000000a3000000, 0x00000000a2f00000| Untracked 
|  18|0x00000000a3000000, 0x00000000a3100000, 0x00000000a3100000|100%| O|  |TAMS 0x00000000a30d9400, 0x00000000a3000000| Untracked 
|  19|0x00000000a3100000, 0x00000000a3185c00, 0x00000000a3200000| 52%| O|  |TAMS 0x00000000a3100000, 0x00000000a3100000| Untracked 
|  20|0x00000000a3200000, 0x00000000a3300000, 0x00000000a3300000|100%| O|  |TAMS 0x00000000a3200000, 0x00000000a3200000| Untracked 
|  21|0x00000000a3300000, 0x00000000a3400000, 0x00000000a3400000|100%| O|  |TAMS 0x00000000a3300000, 0x00000000a3300000| Untracked 
|  22|0x00000000a3400000, 0x00000000a3500000, 0x00000000a3500000|100%| O|  |TAMS 0x00000000a3400000, 0x00000000a3400000| Untracked 
|  23|0x00000000a3500000, 0x00000000a3600000, 0x00000000a3600000|100%| O|  |TAMS 0x00000000a3500000, 0x00000000a3500000| Untracked 
|  24|0x00000000a3600000, 0x00000000a3700000, 0x00000000a3700000|100%| O|  |TAMS 0x00000000a3600000, 0x00000000a3600000| Untracked 
|  25|0x00000000a3700000, 0x00000000a3800000, 0x00000000a3800000|100%| O|  |TAMS 0x00000000a3700000, 0x00000000a3700000| Untracked 
|  26|0x00000000a3800000, 0x00000000a3900000, 0x00000000a3900000|100%| O|  |TAMS 0x00000000a3800000, 0x00000000a3800000| Untracked 
|  27|0x00000000a3900000, 0x00000000a3a00000, 0x00000000a3a00000|100%| O|  |TAMS 0x00000000a3900000, 0x00000000a3900000| Untracked 
|  28|0x00000000a3a00000, 0x00000000a3b00000, 0x00000000a3b00000|100%| O|  |TAMS 0x00000000a3a00000, 0x00000000a3a00000| Untracked 
|  29|0x00000000a3b00000, 0x00000000a3c00000, 0x00000000a3c00000|100%| O|  |TAMS 0x00000000a3b00000, 0x00000000a3b00000| Untracked 
|  30|0x00000000a3c00000, 0x00000000a3d00000, 0x00000000a3d00000|100%| O|  |TAMS 0x00000000a3c00000, 0x00000000a3c00000| Untracked 
|  31|0x00000000a3d00000, 0x00000000a3e00000, 0x00000000a3e00000|100%| O|  |TAMS 0x00000000a3d00000, 0x00000000a3d00000| Untracked 
|  32|0x00000000a3e00000, 0x00000000a3e3b400, 0x00000000a3f00000| 23%| O|  |TAMS 0x00000000a3e00000, 0x00000000a3e00000| Untracked 
|  33|0x00000000a3f00000, 0x00000000a3f00000, 0x00000000a4000000|  0%| F|  |TAMS 0x00000000a3f00000, 0x00000000a3f00000| Untracked 
|  34|0x00000000a4000000, 0x00000000a4000000, 0x00000000a4100000|  0%| F|  |TAMS 0x00000000a4000000, 0x00000000a4000000| Untracked 
|  35|0x00000000a4100000, 0x00000000a4100000, 0x00000000a4200000|  0%| F|  |TAMS 0x00000000a4100000, 0x00000000a4100000| Untracked 
|  36|0x00000000a4200000, 0x00000000a4200000, 0x00000000a4300000|  0%| F|  |TAMS 0x00000000a4200000, 0x00000000a4200000| Untracked 
|  37|0x00000000a4300000, 0x00000000a4300000, 0x00000000a4400000|  0%| F|  |TAMS 0x00000000a4300000, 0x00000000a4300000| Untracked 
|  38|0x00000000a4400000, 0x00000000a4400000, 0x00000000a4500000|  0%| F|  |TAMS 0x00000000a4400000, 0x00000000a4400000| Untracked 
|  39|0x00000000a4500000, 0x00000000a4500000, 0x00000000a4600000|  0%| F|  |TAMS 0x00000000a4500000, 0x00000000a4500000| Untracked 
|  40|0x00000000a4600000, 0x00000000a4600000, 0x00000000a4700000|  0%| F|  |TAMS 0x00000000a4600000, 0x00000000a4600000| Untracked 
|  41|0x00000000a4700000, 0x00000000a4700000, 0x00000000a4800000|  0%| F|  |TAMS 0x00000000a4700000, 0x00000000a4700000| Untracked 
|  42|0x00000000a4800000, 0x00000000a4800000, 0x00000000a4900000|  0%| F|  |TAMS 0x00000000a4800000, 0x00000000a4800000| Untracked 
|  43|0x00000000a4900000, 0x00000000a4900000, 0x00000000a4a00000|  0%| F|  |TAMS 0x00000000a4900000, 0x00000000a4900000| Untracked 
|  44|0x00000000a4a00000, 0x00000000a4a00000, 0x00000000a4b00000|  0%| F|  |TAMS 0x00000000a4a00000, 0x00000000a4a00000| Untracked 
|  45|0x00000000a4b00000, 0x00000000a4bad880, 0x00000000a4c00000| 67%| S|CS|TAMS 0x00000000a4b00000, 0x00000000a4b00000| Complete 
|  46|0x00000000a4c00000, 0x00000000a4c00000, 0x00000000a4d00000|  0%| F|  |TAMS 0x00000000a4c00000, 0x00000000a4c00000| Untracked 
|  47|0x00000000a4d00000, 0x00000000a4e00000, 0x00000000a4e00000|100%| S|CS|TAMS 0x00000000a4d00000, 0x00000000a4d00000| Complete 
|  48|0x00000000a4e00000, 0x00000000a4f00000, 0x00000000a4f00000|100%| S|CS|TAMS 0x00000000a4e00000, 0x00000000a4e00000| Complete 
|  49|0x00000000a4f00000, 0x00000000a5000000, 0x00000000a5000000|100%| S|CS|TAMS 0x00000000a4f00000, 0x00000000a4f00000| Complete 
|  50|0x00000000a5000000, 0x00000000a5000000, 0x00000000a5100000|  0%| F|  |TAMS 0x00000000a5000000, 0x00000000a5000000| Untracked 
|  51|0x00000000a5100000, 0x00000000a5100000, 0x00000000a5200000|  0%| F|  |TAMS 0x00000000a5100000, 0x00000000a5100000| Untracked 
|  52|0x00000000a5200000, 0x00000000a5200000, 0x00000000a5300000|  0%| F|  |TAMS 0x00000000a5200000, 0x00000000a5200000| Untracked 
|  53|0x00000000a5300000, 0x00000000a5300000, 0x00000000a5400000|  0%| F|  |TAMS 0x00000000a5300000, 0x00000000a5300000| Untracked 
|  54|0x00000000a5400000, 0x00000000a5400000, 0x00000000a5500000|  0%| F|  |TAMS 0x00000000a5400000, 0x00000000a5400000| Untracked 
|  55|0x00000000a5500000, 0x00000000a5500000, 0x00000000a5600000|  0%| F|  |TAMS 0x00000000a5500000, 0x00000000a5500000| Untracked 
|  56|0x00000000a5600000, 0x00000000a5600000, 0x00000000a5700000|  0%| F|  |TAMS 0x00000000a5600000, 0x00000000a5600000| Untracked 
|  57|0x00000000a5700000, 0x00000000a5700000, 0x00000000a5800000|  0%| F|  |TAMS 0x00000000a5700000, 0x00000000a5700000| Untracked 
|  58|0x00000000a5800000, 0x00000000a5800000, 0x00000000a5900000|  0%| F|  |TAMS 0x00000000a5800000, 0x00000000a5800000| Untracked 
|  59|0x00000000a5900000, 0x00000000a5900000, 0x00000000a5a00000|  0%| F|  |TAMS 0x00000000a5900000, 0x00000000a5900000| Untracked 
|  60|0x00000000a5a00000, 0x00000000a5a00000, 0x00000000a5b00000|  0%| F|  |TAMS 0x00000000a5a00000, 0x00000000a5a00000| Untracked 
|  61|0x00000000a5b00000, 0x00000000a5b00000, 0x00000000a5c00000|  0%| F|  |TAMS 0x00000000a5b00000, 0x00000000a5b00000| Untracked 
|  62|0x00000000a5c00000, 0x00000000a5c00000, 0x00000000a5d00000|  0%| F|  |TAMS 0x00000000a5c00000, 0x00000000a5c00000| Untracked 
|  63|0x00000000a5d00000, 0x00000000a5d00000, 0x00000000a5e00000|  0%| F|  |TAMS 0x00000000a5d00000, 0x00000000a5d00000| Untracked 
|  64|0x00000000a5e00000, 0x00000000a5e00000, 0x00000000a5f00000|  0%| F|  |TAMS 0x00000000a5e00000, 0x00000000a5e00000| Untracked 
|  65|0x00000000a5f00000, 0x00000000a5f00000, 0x00000000a6000000|  0%| F|  |TAMS 0x00000000a5f00000, 0x00000000a5f00000| Untracked 
|  66|0x00000000a6000000, 0x00000000a6000000, 0x00000000a6100000|  0%| F|  |TAMS 0x00000000a6000000, 0x00000000a6000000| Untracked 
|  67|0x00000000a6100000, 0x00000000a6100000, 0x00000000a6200000|  0%| F|  |TAMS 0x00000000a6100000, 0x00000000a6100000| Untracked 
|  68|0x00000000a6200000, 0x00000000a6200000, 0x00000000a6300000|  0%| F|  |TAMS 0x00000000a6200000, 0x00000000a6200000| Untracked 
|  69|0x00000000a6300000, 0x00000000a6300000, 0x00000000a6400000|  0%| F|  |TAMS 0x00000000a6300000, 0x00000000a6300000| Untracked 
|  70|0x00000000a6400000, 0x00000000a6400000, 0x00000000a6500000|  0%| F|  |TAMS 0x00000000a6400000, 0x00000000a6400000| Untracked 
|  71|0x00000000a6500000, 0x00000000a6500000, 0x00000000a6600000|  0%| F|  |TAMS 0x00000000a6500000, 0x00000000a6500000| Untracked 
|  72|0x00000000a6600000, 0x00000000a6600000, 0x00000000a6700000|  0%| F|  |TAMS 0x00000000a6600000, 0x00000000a6600000| Untracked 
|  73|0x00000000a6700000, 0x00000000a6700000, 0x00000000a6800000|  0%| F|  |TAMS 0x00000000a6700000, 0x00000000a6700000| Untracked 
|  74|0x00000000a6800000, 0x00000000a6800000, 0x00000000a6900000|  0%| F|  |TAMS 0x00000000a6800000, 0x00000000a6800000| Untracked 
|  75|0x00000000a6900000, 0x00000000a6900000, 0x00000000a6a00000|  0%| F|  |TAMS 0x00000000a6900000, 0x00000000a6900000| Untracked 
|  76|0x00000000a6a00000, 0x00000000a6a00000, 0x00000000a6b00000|  0%| F|  |TAMS 0x00000000a6a00000, 0x00000000a6a00000| Untracked 
|  77|0x00000000a6b00000, 0x00000000a6b00000, 0x00000000a6c00000|  0%| F|  |TAMS 0x00000000a6b00000, 0x00000000a6b00000| Untracked 
|  78|0x00000000a6c00000, 0x00000000a6c00000, 0x00000000a6d00000|  0%| F|  |TAMS 0x00000000a6c00000, 0x00000000a6c00000| Untracked 
|  79|0x00000000a6d00000, 0x00000000a6d00000, 0x00000000a6e00000|  0%| F|  |TAMS 0x00000000a6d00000, 0x00000000a6d00000| Untracked 
|  80|0x00000000a6e00000, 0x00000000a6e00000, 0x00000000a6f00000|  0%| F|  |TAMS 0x00000000a6e00000, 0x00000000a6e00000| Untracked 
|  81|0x00000000a6f00000, 0x00000000a6f00000, 0x00000000a7000000|  0%| F|  |TAMS 0x00000000a6f00000, 0x00000000a6f00000| Untracked 
|  82|0x00000000a7000000, 0x00000000a7000000, 0x00000000a7100000|  0%| F|  |TAMS 0x00000000a7000000, 0x00000000a7000000| Untracked 
|  83|0x00000000a7100000, 0x00000000a7100000, 0x00000000a7200000|  0%| F|  |TAMS 0x00000000a7100000, 0x00000000a7100000| Untracked 
|  84|0x00000000a7200000, 0x00000000a7200000, 0x00000000a7300000|  0%| F|  |TAMS 0x00000000a7200000, 0x00000000a7200000| Untracked 
|  85|0x00000000a7300000, 0x00000000a7300000, 0x00000000a7400000|  0%| F|  |TAMS 0x00000000a7300000, 0x00000000a7300000| Untracked 
|  86|0x00000000a7400000, 0x00000000a7400000, 0x00000000a7500000|  0%| F|  |TAMS 0x00000000a7400000, 0x00000000a7400000| Untracked 
|  87|0x00000000a7500000, 0x00000000a7500000, 0x00000000a7600000|  0%| F|  |TAMS 0x00000000a7500000, 0x00000000a7500000| Untracked 
|  88|0x00000000a7600000, 0x00000000a7600000, 0x00000000a7700000|  0%| F|  |TAMS 0x00000000a7600000, 0x00000000a7600000| Untracked 
|  89|0x00000000a7700000, 0x00000000a7700000, 0x00000000a7800000|  0%| F|  |TAMS 0x00000000a7700000, 0x00000000a7700000| Untracked 
|  90|0x00000000a7800000, 0x00000000a7800000, 0x00000000a7900000|  0%| F|  |TAMS 0x00000000a7800000, 0x00000000a7800000| Untracked 
|  91|0x00000000a7900000, 0x00000000a7900000, 0x00000000a7a00000|  0%| F|  |TAMS 0x00000000a7900000, 0x00000000a7900000| Untracked 
|  92|0x00000000a7a00000, 0x00000000a7a00000, 0x00000000a7b00000|  0%| F|  |TAMS 0x00000000a7a00000, 0x00000000a7a00000| Untracked 
|  93|0x00000000a7b00000, 0x00000000a7b00000, 0x00000000a7c00000|  0%| F|  |TAMS 0x00000000a7b00000, 0x00000000a7b00000| Untracked 
|  94|0x00000000a7c00000, 0x00000000a7c00000, 0x00000000a7d00000|  0%| F|  |TAMS 0x00000000a7c00000, 0x00000000a7c00000| Untracked 
|  95|0x00000000a7d00000, 0x00000000a7d00000, 0x00000000a7e00000|  0%| F|  |TAMS 0x00000000a7d00000, 0x00000000a7d00000| Untracked 
|  96|0x00000000a7e00000, 0x00000000a7e00000, 0x00000000a7f00000|  0%| F|  |TAMS 0x00000000a7e00000, 0x00000000a7e00000| Untracked 
|  97|0x00000000a7f00000, 0x00000000a7f00000, 0x00000000a8000000|  0%| F|  |TAMS 0x00000000a7f00000, 0x00000000a7f00000| Untracked 
|  98|0x00000000a8000000, 0x00000000a8000000, 0x00000000a8100000|  0%| F|  |TAMS 0x00000000a8000000, 0x00000000a8000000| Untracked 
|  99|0x00000000a8100000, 0x00000000a8100000, 0x00000000a8200000|  0%| F|  |TAMS 0x00000000a8100000, 0x00000000a8100000| Untracked 
| 100|0x00000000a8200000, 0x00000000a8200000, 0x00000000a8300000|  0%| F|  |TAMS 0x00000000a8200000, 0x00000000a8200000| Untracked 
| 101|0x00000000a8300000, 0x00000000a8300000, 0x00000000a8400000|  0%| F|  |TAMS 0x00000000a8300000, 0x00000000a8300000| Untracked 
| 102|0x00000000a8400000, 0x00000000a84cee80, 0x00000000a8500000| 80%| E|  |TAMS 0x00000000a8400000, 0x00000000a8400000| Complete 
| 103|0x00000000a8500000, 0x00000000a8600000, 0x00000000a8600000|100%| E|CS|TAMS 0x00000000a8500000, 0x00000000a8500000| Complete 
| 104|0x00000000a8600000, 0x00000000a8700000, 0x00000000a8700000|100%| E|CS|TAMS 0x00000000a8600000, 0x00000000a8600000| Complete 

Card table byte_map: [0x000001e578fb0000,0x000001e5792b0000] _byte_map_base: 0x000001e578aa1000

Marking Bits (Prev, Next): (CMBitMap*) 0x000001e57530e710, (CMBitMap*) 0x000001e57530e6d0
 Prev Bits: [0x000001e57ad40000, 0x000001e57c4c8000)
 Next Bits: [0x000001e5795b0000, 0x000001e57ad38000)

Polling page: 0x000001e574a30000

Metaspace:

Usage:
  Non-class:     68.62 MB used.
      Class:      9.20 MB used.
       Both:     77.82 MB used.

Virtual space:
  Non-class space:       72.00 MB reserved,      68.88 MB ( 96%) committed,  9 nodes.
      Class space:        1.00 GB reserved,       9.38 MB ( <1%) committed,  1 nodes.
             Both:        1.07 GB reserved,      78.25 MB (  7%) committed. 

Chunk freelists:
   Non-Class:  2.47 MB
       Class:  2.62 MB
        Both:  5.09 MB

MaxMetaspaceSize: unlimited
CompressedClassSpaceSize: 1.00 GB
Initial GC threshold: 21.00 MB
Current GC threshold: 98.12 MB
CDS: off
MetaspaceReclaimPolicy: balanced
 - commit_granule_bytes: 65536.
 - commit_granule_words: 8192.
 - virtual_space_node_default_size: 1048576.
 - enlarge_chunks_in_place: 1.
 - new_chunks_are_fully_committed: 0.
 - uncommit_free_chunks: 1.
 - use_allocation_guard: 0.
 - handle_deallocations: 1.


Internal statistics:

num_allocs_failed_limit: 9.
num_arena_births: 556.
num_arena_deaths: 0.
num_vsnodes_births: 10.
num_vsnodes_deaths: 0.
num_space_committed: 1252.
num_space_uncommitted: 0.
num_chunks_returned_to_freelist: 9.
num_chunks_taken_from_freelist: 3176.
num_chunk_merges: 9.
num_chunk_splits: 2289.
num_chunks_enlarged: 1842.
num_purges: 0.
num_inconsistent_stats: 0.

CodeHeap 'non-profiled nmethods': size=120000Kb used=4304Kb max_used=4304Kb free=115695Kb
 bounds [0x000001e507ad0000, 0x000001e507f10000, 0x000001e50f000000]
CodeHeap 'profiled nmethods': size=120000Kb used=14472Kb max_used=14472Kb free=105527Kb
 bounds [0x000001e5005a0000, 0x000001e5013d0000, 0x000001e507ad0000]
CodeHeap 'non-nmethods': size=5760Kb used=1303Kb max_used=1350Kb free=4456Kb
 bounds [0x000001e500000000, 0x000001e500270000, 0x000001e5005a0000]
 total_blobs=7957 nmethods=7328 adapters=541
 compilation: enabled
              stopped_count=0, restarted_count=0
 full_count=0

Compilation events (20 events):
Event: 18.204 Thread 0x000001e57f84c400 8782       3       java.util.HashMap::remove (26 bytes)
Event: 18.205 Thread 0x000001e57f84c400 nmethod 8782 0x000001e5013b5a90 code [0x000001e5013b5c60, 0x000001e5013b5fd8]
Event: 18.205 Thread 0x000001e57f84c400 8783       3       java.util.HashMap::removeNode (291 bytes)
Event: 18.206 Thread 0x000001e57f84c400 nmethod 8783 0x000001e5013b6110 code [0x000001e5013b63a0, 0x000001e5013b7638]
Event: 18.206 Thread 0x000001e57f84c400 8784       3       java.util.concurrent.ConcurrentHashMap$EntryIterator::next (51 bytes)
Event: 18.207 Thread 0x000001e57f84c400 nmethod 8784 0x000001e5013b7a90 code [0x000001e5013b7c60, 0x000001e5013b8158]
Event: 18.207 Thread 0x000001e57f84c400 8786       3       java.util.HashSet::remove (20 bytes)
Event: 18.207 Thread 0x000001e57f84c400 nmethod 8786 0x000001e5013b8310 code [0x000001e5013b84c0, 0x000001e5013b86e8]
Event: 18.208 Thread 0x000001e57f84c400 8787       3       java.util.concurrent.ConcurrentHashMap$EntryIterator::next (5 bytes)
Event: 18.208 Thread 0x000001e57f84c400 nmethod 8787 0x000001e500ab3d10 code [0x000001e500ab3ea0, 0x000001e500ab3fe8]
Event: 18.208 Thread 0x000001e57f84c400 8785       3       java.util.concurrent.ConcurrentHashMap::remove (8 bytes)
Event: 18.208 Thread 0x000001e57f84c400 nmethod 8785 0x000001e500ac7c10 code [0x000001e500ac7dc0, 0x000001e500ac7f08]
Event: 18.208 Thread 0x000001e57f84c400 8789       3       java.util.concurrent.ConcurrentHashMap$BaseIterator::<init> (21 bytes)
Event: 18.208 Thread 0x000001e57f84c400 nmethod 8789 0x000001e5013b8790 code [0x000001e5013b8940, 0x000001e5013b8b18]
Event: 18.208 Thread 0x000001e57f84c400 8788   !   3       java.util.concurrent.ConcurrentHashMap::clear (176 bytes)
Event: 18.209 Thread 0x000001e57f84c400 nmethod 8788 0x000001e5013b8c10 code [0x000001e5013b8e40, 0x000001e5013b9748]
Event: 18.209 Thread 0x000001e57f84c400 8790       3       org.springframework.beans.factory.support.DefaultListableBeanFactory::removeManualSingletonName (27 bytes)
Event: 18.210 Thread 0x000001e57f84c400 nmethod 8790 0x000001e5013b9b10 code [0x000001e5013b9d80, 0x000001e5013ba878]
Event: 18.210 Thread 0x000001e57f84c400 8791       3       org.springframework.beans.factory.support.DefaultListableBeanFactory$$Lambda$505/0x00000001002cef40::<init> (10 bytes)
Event: 18.210 Thread 0x000001e57f84c400 nmethod 8791 0x000001e5013bac90 code [0x000001e5013bae20, 0x000001e5013bafd8]

GC Heap History (20 events):
Event: 12.339 GC heap before
{Heap before GC invocations=29 (full 0):
 garbage-first heap   total 89088K, used 22477K [0x00000000a1e00000, 0x0000000100000000)
  region size 1024K, 6 young (6144K), 5 survivors (5120K)
 Metaspace       used 59821K, committed 60160K, reserved 1105920K
  class space    used 6922K, committed 7104K, reserved 1048576K
}
Event: 12.349 GC heap after
{Heap after GC invocations=30 (full 0):
 garbage-first heap   total 107520K, used 22563K [0x00000000a1e00000, 0x0000000100000000)
  region size 1024K, 4 young (4096K), 4 survivors (4096K)
 Metaspace       used 59821K, committed 60160K, reserved 1105920K
  class space    used 6922K, committed 7104K, reserved 1048576K
}
Event: 13.120 GC heap before
{Heap before GC invocations=31 (full 0):
 garbage-first heap   total 89088K, used 71715K [0x00000000a1e00000, 0x0000000100000000)
  region size 1024K, 52 young (53248K), 4 survivors (4096K)
 Metaspace       used 62391K, committed 62720K, reserved 1105920K
  class space    used 7275K, committed 7424K, reserved 1048576K
}
Event: 13.127 GC heap after
{Heap after GC invocations=32 (full 0):
 garbage-first heap   total 89088K, used 23140K [0x00000000a1e00000, 0x0000000100000000)
  region size 1024K, 5 young (5120K), 5 survivors (5120K)
 Metaspace       used 62391K, committed 62720K, reserved 1105920K
  class space    used 7275K, committed 7424K, reserved 1048576K
}
Event: 13.929 GC heap before
{Heap before GC invocations=32 (full 0):
 garbage-first heap   total 89088K, used 71268K [0x00000000a1e00000, 0x0000000100000000)
  region size 1024K, 52 young (53248K), 5 survivors (5120K)
 Metaspace       used 64823K, committed 65152K, reserved 1114112K
  class space    used 7511K, committed 7680K, reserved 1048576K
}
Event: 13.945 GC heap after
{Heap after GC invocations=33 (full 0):
 garbage-first heap   total 89088K, used 24743K [0x00000000a1e00000, 0x0000000100000000)
  region size 1024K, 5 young (5120K), 5 survivors (5120K)
 Metaspace       used 64823K, committed 65152K, reserved 1114112K
  class space    used 7511K, committed 7680K, reserved 1048576K
}
Event: 14.537 GC heap before
{Heap before GC invocations=33 (full 0):
 garbage-first heap   total 89088K, used 71847K [0x00000000a1e00000, 0x0000000100000000)
  region size 1024K, 51 young (52224K), 5 survivors (5120K)
 Metaspace       used 66980K, committed 67328K, reserved 1114112K
  class space    used 7794K, committed 7936K, reserved 1048576K
}
Event: 14.551 GC heap after
{Heap after GC invocations=34 (full 0):
 garbage-first heap   total 89088K, used 25725K [0x00000000a1e00000, 0x0000000100000000)
  region size 1024K, 5 young (5120K), 5 survivors (5120K)
 Metaspace       used 66980K, committed 67328K, reserved 1114112K
  class space    used 7794K, committed 7936K, reserved 1048576K
}
Event: 15.006 GC heap before
{Heap before GC invocations=34 (full 0):
 garbage-first heap   total 89088K, used 72829K [0x00000000a1e00000, 0x0000000100000000)
  region size 1024K, 51 young (52224K), 5 survivors (5120K)
 Metaspace       used 68463K, committed 68864K, reserved 1114112K
  class space    used 7944K, committed 8128K, reserved 1048576K
}
Event: 15.018 GC heap after
{Heap after GC invocations=35 (full 0):
 garbage-first heap   total 89088K, used 27086K [0x00000000a1e00000, 0x0000000100000000)
  region size 1024K, 5 young (5120K), 5 survivors (5120K)
 Metaspace       used 68463K, committed 68864K, reserved 1114112K
  class space    used 7944K, committed 8128K, reserved 1048576K
}
Event: 15.756 GC heap before
{Heap before GC invocations=35 (full 0):
 garbage-first heap   total 89088K, used 72142K [0x00000000a1e00000, 0x0000000100000000)
  region size 1024K, 49 young (50176K), 5 survivors (5120K)
 Metaspace       used 70152K, committed 70528K, reserved 1114112K
  class space    used 8189K, committed 8384K, reserved 1048576K
}
Event: 15.778 GC heap after
{Heap after GC invocations=36 (full 0):
 garbage-first heap   total 89088K, used 30409K [0x00000000a1e00000, 0x0000000100000000)
  region size 1024K, 6 young (6144K), 6 survivors (6144K)
 Metaspace       used 70152K, committed 70528K, reserved 1114112K
  class space    used 8189K, committed 8384K, reserved 1048576K
}
Event: 16.247 GC heap before
{Heap before GC invocations=36 (full 0):
 garbage-first heap   total 89088K, used 71369K [0x00000000a1e00000, 0x0000000100000000)
  region size 1024K, 46 young (47104K), 6 survivors (6144K)
 Metaspace       used 71714K, committed 72192K, reserved 1114112K
  class space    used 8375K, committed 8640K, reserved 1048576K
}
Event: 16.261 GC heap after
{Heap after GC invocations=37 (full 0):
 garbage-first heap   total 107520K, used 32188K [0x00000000a1e00000, 0x0000000100000000)
  region size 1024K, 2 young (2048K), 2 survivors (2048K)
 Metaspace       used 71714K, committed 72192K, reserved 1114112K
  class space    used 8375K, committed 8640K, reserved 1048576K
}
Event: 17.066 GC heap before
{Heap before GC invocations=37 (full 0):
 garbage-first heap   total 107520K, used 87484K [0x00000000a1e00000, 0x0000000100000000)
  region size 1024K, 56 young (57344K), 2 survivors (2048K)
 Metaspace       used 74358K, committed 74752K, reserved 1122304K
  class space    used 8752K, committed 8960K, reserved 1048576K
}
Event: 17.075 GC heap after
{Heap after GC invocations=38 (full 0):
 garbage-first heap   total 107520K, used 33458K [0x00000000a1e00000, 0x0000000100000000)
  region size 1024K, 4 young (4096K), 4 survivors (4096K)
 Metaspace       used 74358K, committed 74752K, reserved 1122304K
  class space    used 8752K, committed 8960K, reserved 1048576K
}
Event: 17.609 GC heap before
{Heap before GC invocations=38 (full 0):
 garbage-first heap   total 107520K, used 85682K [0x00000000a1e00000, 0x0000000100000000)
  region size 1024K, 55 young (56320K), 4 survivors (4096K)
 Metaspace       used 77244K, committed 77696K, reserved 1122304K
  class space    used 9169K, committed 9408K, reserved 1048576K
}
Event: 17.618 GC heap after
{Heap after GC invocations=39 (full 0):
 garbage-first heap   total 107520K, used 34108K [0x00000000a1e00000, 0x0000000100000000)
  region size 1024K, 4 young (4096K), 4 survivors (4096K)
 Metaspace       used 77244K, committed 77696K, reserved 1122304K
  class space    used 9169K, committed 9408K, reserved 1048576K
}
Event: 18.133 GC heap before
{Heap before GC invocations=39 (full 0):
 garbage-first heap   total 107520K, used 87356K [0x00000000a1e00000, 0x0000000100000000)
  region size 1024K, 56 young (57344K), 4 survivors (4096K)
 Metaspace       used 79534K, committed 79936K, reserved 1122304K
  class space    used 9392K, committed 9600K, reserved 1048576K
}
Event: 18.145 GC heap after
{Heap after GC invocations=40 (full 0):
 garbage-first heap   total 107520K, used 34988K [0x00000000a1e00000, 0x0000000100000000)
  region size 1024K, 4 young (4096K), 4 survivors (4096K)
 Metaspace       used 79534K, committed 79936K, reserved 1122304K
  class space    used 9392K, committed 9600K, reserved 1048576K
}

Deoptimization events (20 events):
Event: 17.873 Thread 0x000001e5752c3da0 Uncommon trap: trap_request=0xffffffde fr.pc=0x000001e507d5c724 relative=0x0000000000000864
Event: 17.873 Thread 0x000001e5752c3da0 Uncommon trap: reason=class_check action=maybe_recompile pc=0x000001e507d5c724 method=java.util.Hashtable.put(Ljava/lang/Object;Ljava/lang/Object;)Ljava/lang/Object; @ 18 c2
Event: 17.873 Thread 0x000001e5752c3da0 DEOPT PACKING pc=0x000001e507d5c724 sp=0x0000004d6b0f96a0
Event: 17.873 Thread 0x000001e5752c3da0 DEOPT UNPACKING pc=0x000001e5000523a3 sp=0x0000004d6b0f9668 mode 2
Event: 17.873 Thread 0x000001e5752c3da0 Uncommon trap: trap_request=0xffffffde fr.pc=0x000001e507d5c724 relative=0x0000000000000864
Event: 17.873 Thread 0x000001e5752c3da0 Uncommon trap: reason=class_check action=maybe_recompile pc=0x000001e507d5c724 method=java.util.Hashtable.put(Ljava/lang/Object;Ljava/lang/Object;)Ljava/lang/Object; @ 18 c2
Event: 17.873 Thread 0x000001e5752c3da0 DEOPT PACKING pc=0x000001e507d5c724 sp=0x0000004d6b0f96a0
Event: 17.873 Thread 0x000001e5752c3da0 DEOPT UNPACKING pc=0x000001e5000523a3 sp=0x0000004d6b0f9668 mode 2
Event: 17.873 Thread 0x000001e5752c3da0 Uncommon trap: trap_request=0xffffffde fr.pc=0x000001e507d5c724 relative=0x0000000000000864
Event: 17.873 Thread 0x000001e5752c3da0 Uncommon trap: reason=class_check action=maybe_recompile pc=0x000001e507d5c724 method=java.util.Hashtable.put(Ljava/lang/Object;Ljava/lang/Object;)Ljava/lang/Object; @ 18 c2
Event: 17.873 Thread 0x000001e5752c3da0 DEOPT PACKING pc=0x000001e507d5c724 sp=0x0000004d6b0f96a0
Event: 17.873 Thread 0x000001e5752c3da0 DEOPT UNPACKING pc=0x000001e5000523a3 sp=0x0000004d6b0f9668 mode 2
Event: 17.896 Thread 0x000001e5752c3da0 Uncommon trap: trap_request=0xffffff45 fr.pc=0x000001e507c80e10 relative=0x0000000000000630
Event: 17.896 Thread 0x000001e5752c3da0 Uncommon trap: reason=unstable_if action=reinterpret pc=0x000001e507c80e10 method=java.util.regex.Pattern$CharPropertyGreedy.match(Ljava/util/regex/Matcher;ILjava/lang/CharSequence;)Z @ 103 c2
Event: 17.896 Thread 0x000001e5752c3da0 DEOPT PACKING pc=0x000001e507c80e10 sp=0x0000004d6b0f9600
Event: 17.896 Thread 0x000001e5752c3da0 DEOPT UNPACKING pc=0x000001e5000523a3 sp=0x0000004d6b0f9580 mode 2
Event: 18.034 Thread 0x000001e5752c3da0 DEOPT PACKING pc=0x000001e500aed1ac sp=0x0000004d6b0f5790
Event: 18.034 Thread 0x000001e5752c3da0 DEOPT UNPACKING pc=0x000001e500052b43 sp=0x0000004d6b0f4c30 mode 0
Event: 18.206 Thread 0x000001e5159b4d60 DEOPT PACKING pc=0x000001e500f4755c sp=0x0000004d6c5ff1f0
Event: 18.207 Thread 0x000001e5159b4d60 DEOPT UNPACKING pc=0x000001e500052b43 sp=0x0000004d6c5fe660 mode 0

Classes unloaded (0 events):
No events

Classes redefined (0 events):
No events

Internal exceptions (20 events):
Event: 16.614 Thread 0x000001e5752c3da0 Exception <a 'java/lang/ClassNotFoundException'{0x00000000a7042268}: org/springframework/web/context/ServletContextAwareCustomizer> (0x00000000a7042268) 
thrown [s\src\hotspot\share\classfile\systemDictionary.cpp, line 256]
Event: 16.614 Thread 0x000001e5752c3da0 Exception <a 'java/lang/ClassNotFoundException'{0x00000000a7048598}: org/springframework/beans/factory/AwareCustomizer> (0x00000000a7048598) 
thrown [s\src\hotspot\share\classfile\systemDictionary.cpp, line 256]
Event: 16.615 Thread 0x000001e5752c3da0 Exception <a 'java/lang/ClassNotFoundException'{0x00000000a704dc78}: org/springframework/beans/factory/InitializingBeanCustomizer> (0x00000000a704dc78) 
thrown [s\src\hotspot\share\classfile\systemDictionary.cpp, line 256]
Event: 16.615 Thread 0x000001e5752c3da0 Exception <a 'java/lang/ClassNotFoundException'{0x00000000a7053b90}: org/springframework/beans/factory/DisposableBeanCustomizer> (0x00000000a7053b90) 
thrown [s\src\hotspot\share\classfile\systemDictionary.cpp, line 256]
Event: 16.618 Thread 0x000001e5752c3da0 Exception <a 'java/lang/ClassNotFoundException'{0x00000000a7084c98}: java/lang/ObjectCustomizer> (0x00000000a7084c98) 
thrown [s\src\hotspot\share\classfile\systemDictionary.cpp, line 256]
Event: 16.618 Thread 0x000001e5752c3da0 Exception <a 'java/lang/ClassNotFoundException'{0x00000000a708dda8}: org/springframework/web/multipart/support/StandardServletMultipartResolverCustomizer> (0x00000000a708dda8) 
thrown [s\src\hotspot\share\classfile\systemDictionary.cpp, line 256]
Event: 16.619 Thread 0x000001e5752c3da0 Exception <a 'java/lang/ClassNotFoundException'{0x00000000a70990d8}: org/springframework/web/multipart/MultipartResolverCustomizer> (0x00000000a70990d8) 
thrown [s\src\hotspot\share\classfile\systemDictionary.cpp, line 256]
Event: 16.673 Thread 0x000001e5752c3da0 Exception <a 'java/lang/ClassNotFoundException'{0x00000000a6b0e250}: java/lang/ObjectCustomizer> (0x00000000a6b0e250) 
thrown [s\src\hotspot\share\classfile\systemDictionary.cpp, line 256]
Event: 16.673 Thread 0x000001e5752c3da0 Exception <a 'java/lang/ClassNotFoundException'{0x00000000a6b16408}: com/plantshop/PlantShopBackendApplicationTestsCustomizer> (0x00000000a6b16408) 
thrown [s\src\hotspot\share\classfile\systemDictionary.cpp, line 256]
Event: 16.691 Thread 0x000001e5752c3da0 Exception <a 'java/lang/NoSuchMethodError'{0x00000000a6ba9830}: 'java.lang.Object java.lang.invoke.DirectMethodHandle$Holder.newInvokeSpecial(java.lang.Object, java.lang.Object, java.lang.Object, java.lang.Object, int)'> (0x00000000a6ba9830) 
thrown [s\src\hotspot\share\interpreter\linkResolver.cpp, line 759]
Event: 16.691 Thread 0x000001e5752c3da0 Exception <a 'java/lang/NoSuchMethodError'{0x00000000a6badd18}: 'java.lang.Object java.lang.invoke.DirectMethodHandle$Holder.invokeSpecial(java.lang.Object, java.lang.Object, java.lang.Object, java.lang.Object, java.lang.Object, int)'> (0x00000000a6badd18) 
thrown [s\src\hotspot\share\interpreter\linkResolver.cpp, line 759]
Event: 16.691 Thread 0x000001e5752c3da0 Exception <a 'java/lang/NoSuchMethodError'{0x00000000a6bb1aa8}: 'java.lang.Object java.lang.invoke.Invokers$Holder.linkToTargetMethod(java.lang.Object, java.lang.Object, java.lang.Object, int, java.lang.Object)'> (0x00000000a6bb1aa8) 
thrown [s\src\hotspot\share\interpreter\linkResolver.cpp, line 759]
Event: 17.003 Thread 0x000001e5752c3da0 Implicit null exception at 0x000001e507de091f to 0x000001e507de1da8
Event: 17.003 Thread 0x000001e5752c3da0 Exception <a 'java/lang/ClassNotFoundException'{0x00000000a56227a8}: java/lang/ClassLoader$ByteBuddyAccessor$V1> (0x00000000a56227a8) 
thrown [s\src\hotspot\share\classfile\systemDictionary.cpp, line 256]
Event: 17.163 Thread 0x000001e5752c3da0 Exception <a 'java/lang/NoSuchMethodError'{0x00000000a7e84178}: 'java.lang.Object java.lang.invoke.DirectMethodHandle$Holder.invokeStaticInit(java.lang.Object, java.lang.Object, java.lang.Object, java.lang.Object, java.lang.Object, java.lang.Object)'> (0x00000000a7e84178) 
thrown [s\src\hotspot\share\interpreter\linkResolver.cpp, line 759]
Event: 17.181 Thread 0x000001e5752c3da0 Exception <a 'java/lang/ClassNotFoundException'{0x00000000a7d10310}: java/lang/ObjectCustomizer> (0x00000000a7d10310) 
thrown [s\src\hotspot\share\classfile\systemDictionary.cpp, line 256]
Event: 17.181 Thread 0x000001e5752c3da0 Exception <a 'java/lang/ClassNotFoundException'{0x00000000a7d187b0}: com/nursery/models/PlantCustomizer> (0x00000000a7d187b0) 
thrown [s\src\hotspot\share\classfile\systemDictionary.cpp, line 256]
Event: 17.447 Thread 0x000001e5752c3da0 Exception <a 'java/lang/IncompatibleClassChangeError'{0x00000000a5f6e3d0}: Found class java.lang.Object, but interface was expected> (0x00000000a5f6e3d0) 
thrown [s\src\hotspot\share\interpreter\linkResolver.cpp, line 826]
Event: 17.469 Thread 0x000001e5752c3da0 Implicit null exception at 0x000001e507c34abb to 0x000001e507c3502c
Event: 18.159 Thread 0x000001e5752c3da0 Exception <a 'java/lang/NoSuchMethodError'{0x00000000a86a3180}: 'void java.lang.invoke.DirectMethodHandle$Holder.invokeVirtual(java.lang.Object, java.lang.Object)'> (0x00000000a86a3180) 
thrown [s\src\hotspot\share\interpreter\linkResolver.cpp, line 759]

VM Operations (20 events):
Event: 16.284 Executing VM operation: HandshakeAllThreads
Event: 16.284 Executing VM operation: HandshakeAllThreads done
Event: 16.667 Executing VM operation: HandshakeAllThreads
Event: 16.667 Executing VM operation: HandshakeAllThreads done
Event: 16.732 Executing VM operation: ICBufferFull
Event: 16.732 Executing VM operation: ICBufferFull done
Event: 17.034 Executing VM operation: HandshakeAllThreads
Event: 17.034 Executing VM operation: HandshakeAllThreads done
Event: 17.066 Executing VM operation: G1CollectForAllocation
Event: 17.075 Executing VM operation: G1CollectForAllocation done
Event: 17.180 Executing VM operation: HandshakeAllThreads
Event: 17.180 Executing VM operation: HandshakeAllThreads done
Event: 17.609 Executing VM operation: G1CollectForAllocation
Event: 17.619 Executing VM operation: G1CollectForAllocation done
Event: 17.634 Executing VM operation: HandshakeAllThreads
Event: 17.634 Executing VM operation: HandshakeAllThreads done
Event: 18.056 Executing VM operation: ICBufferFull
Event: 18.057 Executing VM operation: ICBufferFull done
Event: 18.132 Executing VM operation: G1CollectForAllocation
Event: 18.145 Executing VM operation: G1CollectForAllocation done

Events (20 events):
Event: 17.633 Thread 0x000001e50f23ed40 Thread added: 0x000001e50f23ed40
Event: 17.638 Thread 0x000001e57f874d80 flushing nmethod 0x000001e500600190
Event: 17.638 Thread 0x000001e57f874d80 flushing nmethod 0x000001e500608990
Event: 17.638 Thread 0x000001e57f874d80 flushing nmethod 0x000001e50061af10
Event: 17.644 Thread 0x000001e57f874d80 flushing nmethod 0x000001e5009d5f90
Event: 17.644 Thread 0x000001e57f874d80 flushing nmethod 0x000001e5009d6390
Event: 17.651 Thread 0x000001e57f874d80 flushing nmethod 0x000001e500e72b10
Event: 17.655 Thread 0x000001e57f874d80 flushing nmethod 0x000001e501153790
Event: 18.000 Thread 0x000001e50f23ed40 Thread exited: 0x000001e50f23ed40
Event: 18.086 Thread 0x000001e50f23ed40 Thread added: 0x000001e50f23ed40
Event: 18.163 Thread 0x000001e5159b1d40 Thread added: 0x000001e5159b1d40
Event: 18.163 loading class java/util/concurrent/locks/AbstractQueuedSynchronizer$SharedNode
Event: 18.163 loading class java/util/concurrent/locks/AbstractQueuedSynchronizer$SharedNode done
Event: 18.197 Thread 0x000001e51000d010 Thread exited: 0x000001e51000d010
Event: 18.198 Thread 0x000001e5159b4d60 Thread added: 0x000001e5159b4d60
Event: 18.200 Thread 0x000001e5159b3550 Thread added: 0x000001e5159b3550
Event: 18.201 Thread 0x000001e5159b6a40 Thread added: 0x000001e5159b6a40
Event: 18.202 Thread 0x000001e5159b6a40 Thread exited: 0x000001e5159b6a40
Event: 18.203 loading class java/io/DataOutputStream
Event: 18.203 loading class java/io/DataOutputStream done


Dynamic libraries:
0x00007ff738f70000 - 0x00007ff738f7e000 	C:\Windows\System32\config\systemprofile\.p2\pool\plugins\org.eclipse.justj.openjdk.hotspot.jre.full.win32.x86_64_17.0.4.v20221004-1257\jre\bin\java.exe
0x00007ffa948a0000 - 0x00007ffa94aa9000 	C:\WINDOWS\SYSTEM32\ntdll.dll
0x00007ffa93700000 - 0x00007ffa937be000 	C:\WINDOWS\System32\KERNEL32.DLL
0x00007ffa91e40000 - 0x00007ffa921bb000 	C:\WINDOWS\System32\KERNELBASE.dll
0x00007ffa92590000 - 0x00007ffa926a1000 	C:\WINDOWS\System32\ucrtbase.dll
0x00007ffa72d60000 - 0x00007ffa72d79000 	C:\Windows\System32\config\systemprofile\.p2\pool\plugins\org.eclipse.justj.openjdk.hotspot.jre.full.win32.x86_64_17.0.4.v20221004-1257\jre\bin\VCRUNTIME140.dll
0x00007ffa721e0000 - 0x00007ffa721f8000 	C:\Windows\System32\config\systemprofile\.p2\pool\plugins\org.eclipse.justj.openjdk.hotspot.jre.full.win32.x86_64_17.0.4.v20221004-1257\jre\bin\jli.dll
0x00007ffa937c0000 - 0x00007ffa9396d000 	C:\WINDOWS\System32\USER32.dll
0x00007ffa7a9d0000 - 0x00007ffa7ac75000 	C:\WINDOWS\WinSxS\amd64_microsoft.windows.common-controls_6595b64144ccf1df_6.0.22000.120_none_9d947278b86cc467\COMCTL32.dll
0x00007ffa91d70000 - 0x00007ffa91d96000 	C:\WINDOWS\System32\win32u.dll
0x00007ffa93ad0000 - 0x00007ffa93b73000 	C:\WINDOWS\System32\msvcrt.dll
0x00007ffa93a40000 - 0x00007ffa93a69000 	C:\WINDOWS\System32\GDI32.dll
0x00007ffa923f0000 - 0x00007ffa92508000 	C:\WINDOWS\System32\gdi32full.dll
0x00007ffa91da0000 - 0x00007ffa91e3d000 	C:\WINDOWS\System32\msvcp_win.dll
0x00007ffa941f0000 - 0x00007ffa94222000 	C:\WINDOWS\System32\IMM32.DLL
0x000001e574a50000 - 0x000001e574a64000 	C:\WINDOWS\System32\umppc16104.dll
0x00007ffa91b10000 - 0x00007ffa91c14000 	C:\Program Files\Avecto\Privilege Guard Client\PGHook.dll
0x00007ffa826e0000 - 0x00007ffa826ec000 	C:\Windows\System32\config\systemprofile\.p2\pool\plugins\org.eclipse.justj.openjdk.hotspot.jre.full.win32.x86_64_17.0.4.v20221004-1257\jre\bin\vcruntime140_1.dll
0x00007ffa6b6f0000 - 0x00007ffa6b781000 	C:\Windows\System32\config\systemprofile\.p2\pool\plugins\org.eclipse.justj.openjdk.hotspot.jre.full.win32.x86_64_17.0.4.v20221004-1257\jre\bin\msvcp140.dll
0x00007ffa17580000 - 0x00007ffa181c6000 	C:\Windows\System32\config\systemprofile\.p2\pool\plugins\org.eclipse.justj.openjdk.hotspot.jre.full.win32.x86_64_17.0.4.v20221004-1257\jre\bin\server\jvm.dll
0x00007ffa92960000 - 0x00007ffa92a0e000 	C:\WINDOWS\System32\ADVAPI32.dll
0x00007ffa93e10000 - 0x00007ffa93eae000 	C:\WINDOWS\System32\sechost.dll
0x00007ffa92840000 - 0x00007ffa92960000 	C:\WINDOWS\System32\RPCRT4.dll
0x00007ffa940a0000 - 0x00007ffa940a8000 	C:\WINDOWS\System32\PSAPI.DLL
0x00007ffa73800000 - 0x00007ffa73809000 	C:\WINDOWS\SYSTEM32\WSOCK32.dll
0x00007ffa93fd0000 - 0x00007ffa9403f000 	C:\WINDOWS\System32\WS2_32.dll
0x00007ffa8bde0000 - 0x00007ffa8be13000 	C:\WINDOWS\SYSTEM32\WINMM.dll
0x00007ffa890e0000 - 0x00007ffa890ea000 	C:\WINDOWS\SYSTEM32\VERSION.dll
0x00007ffa90bc0000 - 0x00007ffa90bd8000 	C:\WINDOWS\SYSTEM32\kernel.appcore.dll
0x00007ffa8c6e0000 - 0x00007ffa8c6ea000 	C:\Windows\System32\config\systemprofile\.p2\pool\plugins\org.eclipse.justj.openjdk.hotspot.jre.full.win32.x86_64_17.0.4.v20221004-1257\jre\bin\jimage.dll
0x00007ffa8f370000 - 0x00007ffa8f591000 	C:\WINDOWS\SYSTEM32\DBGHELP.DLL
0x00007ffa7bd90000 - 0x00007ffa7bdc1000 	C:\WINDOWS\SYSTEM32\dbgcore.DLL
0x00007ffa92510000 - 0x00007ffa9258f000 	C:\WINDOWS\System32\bcryptPrimitives.dll
0x00007ffa8ddd0000 - 0x00007ffa8ddde000 	C:\Windows\System32\config\systemprofile\.p2\pool\plugins\org.eclipse.justj.openjdk.hotspot.jre.full.win32.x86_64_17.0.4.v20221004-1257\jre\bin\instrument.dll
0x00007ffa7fa10000 - 0x00007ffa7fa35000 	C:\Windows\System32\config\systemprofile\.p2\pool\plugins\org.eclipse.justj.openjdk.hotspot.jre.full.win32.x86_64_17.0.4.v20221004-1257\jre\bin\java.dll
0x00007ffa89010000 - 0x00007ffa89028000 	C:\Windows\System32\config\systemprofile\.p2\pool\plugins\org.eclipse.justj.openjdk.hotspot.jre.full.win32.x86_64_17.0.4.v20221004-1257\jre\bin\zip.dll
0x00007ffa92f40000 - 0x00007ffa936f8000 	C:\WINDOWS\System32\SHELL32.dll
0x00007ffa8fc30000 - 0x00007ffa90495000 	C:\WINDOWS\SYSTEM32\windows.storage.dll
0x00007ffa944d0000 - 0x00007ffa94848000 	C:\WINDOWS\System32\combase.dll
0x00007ffa8fac0000 - 0x00007ffa8fc26000 	C:\WINDOWS\SYSTEM32\wintypes.dll
0x00007ffa93d20000 - 0x00007ffa93e0a000 	C:\WINDOWS\System32\SHCORE.dll
0x00007ffa93970000 - 0x00007ffa939cd000 	C:\WINDOWS\System32\shlwapi.dll
0x00007ffa91ca0000 - 0x00007ffa91cc1000 	C:\WINDOWS\SYSTEM32\profapi.dll
0x00007ffa7e280000 - 0x00007ffa7e299000 	C:\Windows\System32\config\systemprofile\.p2\pool\plugins\org.eclipse.justj.openjdk.hotspot.jre.full.win32.x86_64_17.0.4.v20221004-1257\jre\bin\net.dll
0x00007ffa90be0000 - 0x00007ffa90cf4000 	C:\WINDOWS\SYSTEM32\WINHTTP.dll
0x00007ffa91180000 - 0x00007ffa911e7000 	C:\WINDOWS\system32\mswsock.dll
0x00007ffa7ae60000 - 0x00007ffa7ae75000 	C:\Windows\System32\config\systemprofile\.p2\pool\plugins\org.eclipse.justj.openjdk.hotspot.jre.full.win32.x86_64_17.0.4.v20221004-1257\jre\bin\nio.dll
0x00007ffa8c6d0000 - 0x00007ffa8c6e0000 	C:\Windows\System32\config\systemprofile\.p2\pool\plugins\org.eclipse.justj.openjdk.hotspot.jre.full.win32.x86_64_17.0.4.v20221004-1257\jre\bin\verify.dll
0x00007ffa6cdb0000 - 0x00007ffa6cdc7000 	C:\WINDOWS\system32\napinsp.dll
0x00007ffa6cd90000 - 0x00007ffa6cdab000 	C:\WINDOWS\system32\pnrpnsp.dll
0x00007ffa90760000 - 0x00007ffa90848000 	C:\WINDOWS\SYSTEM32\DNSAPI.dll
0x00007ffa906f0000 - 0x00007ffa9071d000 	C:\WINDOWS\SYSTEM32\IPHLPAPI.DLL
0x00007ffa92a30000 - 0x00007ffa92a39000 	C:\WINDOWS\System32\NSI.dll
0x00007ffa6cd70000 - 0x00007ffa6cd82000 	C:\WINDOWS\System32\winrnr.dll
0x00007ffa6cd50000 - 0x00007ffa6cd65000 	C:\WINDOWS\system32\wshbth.dll
0x00007ffa6cd30000 - 0x00007ffa6cd4f000 	C:\WINDOWS\system32\nlansp_c.dll
0x00007ffa86f20000 - 0x00007ffa86f2a000 	C:\Windows\System32\rasadhlp.dll
0x00007ffa8c5e0000 - 0x00007ffa8c661000 	C:\WINDOWS\System32\fwpuclnt.dll
0x00007ffa7fdd0000 - 0x00007ffa7fdd9000 	C:\Windows\System32\config\systemprofile\.p2\pool\plugins\org.eclipse.justj.openjdk.hotspot.jre.full.win32.x86_64_17.0.4.v20221004-1257\jre\bin\management.dll
0x00007ffa7f990000 - 0x00007ffa7f99b000 	C:\Windows\System32\config\systemprofile\.p2\pool\plugins\org.eclipse.justj.openjdk.hotspot.jre.full.win32.x86_64_17.0.4.v20221004-1257\jre\bin\management_ext.dll
0x00007ffa913d0000 - 0x00007ffa913e8000 	C:\WINDOWS\SYSTEM32\CRYPTSP.dll
0x00007ffa90b20000 - 0x00007ffa90b55000 	C:\WINDOWS\system32\rsaenh.dll
0x00007ffa91270000 - 0x00007ffa91299000 	C:\WINDOWS\SYSTEM32\USERENV.dll
0x00007ffa91550000 - 0x00007ffa91577000 	C:\WINDOWS\SYSTEM32\bcrypt.dll
0x00007ffa913c0000 - 0x00007ffa913cc000 	C:\WINDOWS\SYSTEM32\CRYPTBASE.dll
0x00007ffa8c010000 - 0x00007ffa8c029000 	C:\WINDOWS\SYSTEM32\dhcpcsvc6.DLL
0x00007ffa8c170000 - 0x00007ffa8c18e000 	C:\WINDOWS\SYSTEM32\dhcpcsvc.DLL
0x00007ffa836b0000 - 0x00007ffa836be000 	C:\Windows\System32\config\systemprofile\.p2\pool\plugins\org.eclipse.justj.openjdk.hotspot.jre.full.win32.x86_64_17.0.4.v20221004-1257\jre\bin\sunmscapi.dll
0x00007ffa921c0000 - 0x00007ffa92322000 	C:\WINDOWS\System32\CRYPT32.dll
0x00007ffa91520000 - 0x00007ffa91548000 	C:\WINDOWS\SYSTEM32\ncrypt.dll
0x00007ffa914e0000 - 0x00007ffa91517000 	C:\WINDOWS\SYSTEM32\NTASN1.dll

dbghelp: loaded successfully - version: 4.0.5 - missing functions: none
symbol engine: initialized successfully - sym options: 0x614 - pdb path: .;C:\Windows\System32\config\systemprofile\.p2\pool\plugins\org.eclipse.justj.openjdk.hotspot.jre.full.win32.x86_64_17.0.4.v20221004-1257\jre\bin;C:\WINDOWS\SYSTEM32;C:\WINDOWS\WinSxS\amd64_microsoft.windows.common-controls_6595b64144ccf1df_6.0.22000.120_none_9d947278b86cc467;C:\Program Files\Avecto\Privilege Guard Client;C:\Windows\System32\config\systemprofile\.p2\pool\plugins\org.eclipse.justj.openjdk.hotspot.jre.full.win32.x86_64_17.0.4.v20221004-1257\jre\bin\server

VM Arguments:
jvm_args: -javaagent:C:\\Users\\vevamsi\\.m2\\repository\\org\\jacoco\\org.jacoco.agent\\0.8.5\\org.jacoco.agent-0.8.5-runtime.jar=destfile=C:\\Users\\vevamsi\\Downloads\\Nursery-Backend\\Nursery-Backend\\target\\jacoco.exec 
java_command: C:\Users\vevamsi\AppData\Local\Temp\surefire9618488684448947871\surefirebooter322147280158645479.jar C:\Users\vevamsi\AppData\Local\Temp\surefire9618488684448947871 2022-11-25T11-34-25_980-jvmRun1 surefire10000659543704113778tmp surefire_03404098901154429939tmp
java_class_path (initial): C:\Users\vevamsi\AppData\Local\Temp\surefire9618488684448947871\surefirebooter322147280158645479.jar
Launcher Type: SUN_STANDARD

[Global flags]
     intx CICompilerCount                          = 4                                         {product} {ergonomic}
     uint ConcGCThreads                            = 2                                         {product} {ergonomic}
     uint G1ConcRefinementThreads                  = 8                                         {product} {ergonomic}
   size_t G1HeapRegionSize                         = 1048576                                   {product} {ergonomic}
    uintx GCDrainStackTargetSize                   = 64                                        {product} {ergonomic}
   size_t InitialHeapSize                          = 100663296                                 {product} {ergonomic}
   size_t MarkStackSize                            = 4194304                                   {product} {ergonomic}
   size_t MaxHeapSize                              = 1579155456                                {product} {ergonomic}
   size_t MaxNewSize                               = 946864128                                 {product} {ergonomic}
   size_t MinHeapDeltaBytes                        = 1048576                                   {product} {ergonomic}
   size_t MinHeapSize                              = 8388608                                   {product} {ergonomic}
    uintx NonNMethodCodeHeapSize                   = 5839372                                {pd product} {ergonomic}
    uintx NonProfiledCodeHeapSize                  = 122909434                              {pd product} {ergonomic}
    uintx ProfiledCodeHeapSize                     = 122909434                              {pd product} {ergonomic}
    uintx ReservedCodeCacheSize                    = 251658240                              {pd product} {ergonomic}
     bool SegmentedCodeCache                       = true                                      {product} {ergonomic}
   size_t SoftMaxHeapSize                          = 1579155456                             {manageable} {ergonomic}
     bool UseCompressedClassPointers               = true                           {product lp64_product} {ergonomic}
     bool UseCompressedOops                        = true                           {product lp64_product} {ergonomic}
     bool UseG1GC                                  = true                                      {product} {ergonomic}
     bool UseLargePagesIndividualAllocation        = false                                  {pd product} {ergonomic}

Logging:
Log output configuration:
 #0: stdout all=warning uptime,level,tags
 #1: stderr all=off uptime,level,tags

Environment Variables:
PATH=C:/WINDOWS/system32/config/systemprofile/.p2/pool/plugins/org.eclipse.justj.openjdk.hotspot.jre.full.win32.x86_64_17.0.4.v20221004-1257/jre/bin/server;C:/WINDOWS/system32/config/systemprofile/.p2/pool/plugins/org.eclipse.justj.openjdk.hotspot.jre.full.win32.x86_64_17.0.4.v20221004-1257/jre/bin;C:\WINDOWS\system32;C:\WINDOWS;C:\WINDOWS\System32\Wbem;C:\WINDOWS\System32\WindowsPowerShell\v1.0\;C:\WINDOWS\System32\OpenSSH\;C:\Program Files\nodejs\;C:\Program Files\Git\cmd;C:\Users\vevamsi\AppData\Local\Microsoft\WindowsApps;C:\Users\vevamsi\AppData\Local\Programs\Microsoft VS Code\bin;C:\Users\vevamsi\AppData\Roaming\npm;C:\Users\vevamsi\AppData\Roaming\npm\node_modules\@angular\cli\bin;C:\Users\vevamsi\Downloads\sonarqube-9.7.1.62043\sonarqube-9.7.1.62043\bin\windows-x86-64;C:\Users\vevamsi\Desktop\docker;C:\Users\vevamsi\Downloads\OpenJDK11U-jdk_x64_windows_hotspot_11.0.17_8\jdk-11.0.17+8\bin;;C:\Users\vevamsi\eclipse\java-2022-063\eclipse;
USERNAME=vevamsi
OS=Windows_NT
PROCESSOR_IDENTIFIER=AMD64 Family 23 Model 24 Stepping 1, AuthenticAMD
TMP=C:\Users\vevamsi\AppData\Local\Temp
TEMP=C:\Users\vevamsi\AppData\Local\Temp



---------------  S Y S T E M  ---------------

OS:
 Windows 11 , 64 bit Build 22000 (10.0.22000.1219)
OS uptime: 0 days 1:30 hours

CPU: total 8 (initial active 8) (8 cores per cpu, 2 threads per core) family 23 model 24 stepping 1 microcode 0x0, cx8, cmov, fxsr, ht, mmx, 3dnowpref, sse, sse2, sse3, ssse3, sse4a, sse4.1, sse4.2, popcnt, lzcnt, tsc, tscinvbit, avx, avx2, aes, clmul, bmi1, bmi2, adx, sha, fma, vzeroupper, clflush, clflushopt

Memory: 4k page, system-wide physical 6022M (423M free)
TotalPageFile size 16774M (AvailPageFile size 3902M)
current process WorkingSet (physical memory assigned to process): 298M, peak: 308M
current process commit charge ("private bytes"): 329M, peak: 340M

vm_info: OpenJDK 64-Bit Server VM (17.0.4.1+1) for windows-amd64 JRE (17.0.4.1+1), built on Aug 17 2022 07:42:43 by "temurin" with MS VC++ 16.7 (VS2019)

END.
